# JRE version: OpenJDK Runtime Environment (7.0_95) (build 1.7.0_95-b00)
# Java VM: OpenJDK 64-Bit Server VM (24.95-b01 mixed mode linux-amd64 )
Heap
 PSYoungGen      total 1161216K, used 0K [0x00007ef67e500000, 0x00007ef6f0700000, 0x00007f0729000000)
  eden space 525824K, 0% used [0x00007ef67e500000,0x00007ef67e500000,0x00007ef69e680000)
  from space 635392K, 0% used [0x00007ef6c6a00000,0x00007ef6c6a00000,0x00007ef6ed680000)
  to   space 658944K, 0% used [0x00007ef69e680000,0x00007ef69e680000,0x00007ef6c6a00000)
 ParOldGen       total 22967296K, used 22785751K [0x00007ed529000000, 0x00007edaa2d00000, 0x00007ef67e500000)
  object space 22967296K, 99% used [0x00007ed529000000,0x00007eda97bb5ef8,0x00007edaa2d00000)
 PSPermGen       total 21504K, used 6919K [0x00007ed51ea00000, 0x00007ed51ff00000, 0x00007ed529000000)
  object space 21504K, 32% used [0x00007ed51ea00000,0x00007ed51f0c1e08,0x00007ed51ff00000)
GC Heap History (10 events):
Event: 184.334 GC heap after
Heap after GC invocations=143 (full 15):
 PSYoungGen      total 967168K, used 387434K [0x00007ef67e500000, 0x00007ef6dc600000, 0x00007f0729000000)
  eden space 438784K, 0% used [0x00007ef67e500000,0x00007ef67e500000,0x00007ef699180000)
  from space 528384K, 73% used [0x00007ef6ba880000,0x00007ef6d22daac0,0x00007ef6dac80000)
  to   space 547840K, 0% used [0x00007ef699180000,0x00007ef699180000,0x00007ef6ba880000)
 ParOldGen       total 22967296K, used 20664021K [0x00007ed529000000, 0x00007edaa2d00000, 0x00007ef67e500000)
  object space 22967296K, 89% used [0x00007ed529000000,0x00007eda163b55f8,0x00007edaa2d00000)
 PSPermGen       total 21504K, used 6919K [0x00007ed51ea00000, 0x00007ed51ff00000, 0x00007ed529000000)
  object space 21504K, 32% used [0x00007ed51ea00000,0x00007ed51f0c1e08,0x00007ed51ff00000)
}
Event: 184.380 GC heap before
{Heap before GC invocations=144 (full 15):
 PSYoungGen      total 967168K, used 826218K [0x00007ef67e500000, 0x00007ef6dc600000, 0x00007f0729000000)
  eden space 438784K, 100% used [0x00007ef67e500000,0x00007ef699180000,0x00007ef699180000)
  from space 528384K, 73% used [0x00007ef6ba880000,0x00007ef6d22daac0,0x00007ef6dac80000)
  to   space 547840K, 0% used [0x00007ef699180000,0x00007ef699180000,0x00007ef6ba880000)
 ParOldGen       total 22967296K, used 20664021K [0x00007ed529000000, 0x00007edaa2d00000, 0x00007ef67e500000)
  object space 22967296K, 89% used [0x00007ed529000000,0x00007eda163b55f8,0x00007edaa2d00000)
 PSPermGen       total 21504K, used 6919K [0x00007ed51ea00000, 0x00007ed51ff00000, 0x00007ed529000000)
  object space 21504K, 32% used [0x00007ed51ea00000,0x00007ed51f0c1e08,0x00007ed51ff00000)
Event: 184.721 GC heap after
Heap after GC invocations=144 (full 15):
 PSYoungGen      total 986624K, used 433241K [0x00007ef67e500000, 0x00007ef6e3880000, 0x00007f0729000000)
  eden space 438784K, 0% used [0x00007ef67e500000,0x00007ef67e500000,0x00007ef699180000)
  from space 547840K, 79% used [0x00007ef699180000,0x00007ef6b3896518,0x00007ef6ba880000)
  to   space 579072K, 0% used [0x00007ef6c0300000,0x00007ef6c0300000,0x00007ef6e3880000)
 ParOldGen       total 22967296K, used 21045490K [0x00007ed529000000, 0x00007edaa2d00000, 0x00007ef67e500000)
  object space 22967296K, 91% used [0x00007ed529000000,0x00007eda2d83c860,0x00007edaa2d00000)
 PSPermGen       total 21504K, used 6919K [0x00007ed51ea00000, 0x00007ed51ff00000, 0x00007ed529000000)
  object space 21504K, 32% used [0x00007ed51ea00000,0x00007ed51f0c1e08,0x00007ed51ff00000)
}
Event: 184.764 GC heap before
{Heap before GC invocations=145 (full 15):
 PSYoungGen      total 986624K, used 872025K [0x00007ef67e500000, 0x00007ef6e3880000, 0x00007f0729000000)
  eden space 438784K, 100% used [0x00007ef67e500000,0x00007ef699180000,0x00007ef699180000)
  from space 547840K, 79% used [0x00007ef699180000,0x00007ef6b3896518,0x00007ef6ba880000)
  to   space 579072K, 0% used [0x00007ef6c0300000,0x00007ef6c0300000,0x00007ef6e3880000)
 ParOldGen       total 22967296K, used 21045490K [0x00007ed529000000, 0x00007edaa2d00000, 0x00007ef67e500000)
  object space 22967296K, 91% used [0x00007ed529000000,0x00007eda2d83c860,0x00007edaa2d00000)
 PSPermGen       total 21504K, used 6919K [0x00007ed51ea00000, 0x00007ed51ff00000, 0x00007ed529000000)
  object space 21504K, 32% used [0x00007ed51ea00000,0x00007ed51f0c1e08,0x00007ed51ff00000)
Event: 185.128 GC heap after
Heap after GC invocations=145 (full 15):
 PSYoungGen      total 1054208K, used 436166K [0x00007ef67e500000, 0x00007ef6e6e00000, 0x00007f0729000000)
  eden space 475136K, 0% used [0x00007ef67e500000,0x00007ef67e500000,0x00007ef69b500000)
  from space 579072K, 75% used [0x00007ef6c0300000,0x00007ef6dacf1b40,0x00007ef6e3880000)
  to   space 604160K, 0% used [0x00007ef69b500000,0x00007ef69b500000,0x00007ef6c0300000)
 ParOldGen       total 22967296K, used 21469877K [0x00007ed529000000, 0x00007edaa2d00000, 0x00007ef67e500000)
  object space 22967296K, 93% used [0x00007ed529000000,0x00007eda476ad7c8,0x00007edaa2d00000)
 PSPermGen       total 21504K, used 6919K [0x00007ed51ea00000, 0x00007ed51ff00000, 0x00007ed529000000)
  object space 21504K, 32% used [0x00007ed51ea00000,0x00007ed51f0c1e08,0x00007ed51ff00000)
}
Event: 185.174 GC heap before
{Heap before GC invocations=146 (full 15):
 PSYoungGen      total 1054208K, used 911302K [0x00007ef67e500000, 0x00007ef6e6e00000, 0x00007f0729000000)
  eden space 475136K, 100% used [0x00007ef67e500000,0x00007ef69b500000,0x00007ef69b500000)
  from space 579072K, 75% used [0x00007ef6c0300000,0x00007ef6dacf1b40,0x00007ef6e3880000)
  to   space 604160K, 0% used [0x00007ef69b500000,0x00007ef69b500000,0x00007ef6c0300000)
 ParOldGen       total 22967296K, used 21469877K [0x00007ed529000000, 0x00007edaa2d00000, 0x00007ef67e500000)
  object space 22967296K, 93% used [0x00007ed529000000,0x00007eda476ad7c8,0x00007edaa2d00000)
 PSPermGen       total 21504K, used 6919K [0x00007ed51ea00000, 0x00007ed51ff00000, 0x00007ed529000000)
  object space 21504K, 32% used [0x00007ed51ea00000,0x00007ed51f0c1e08,0x00007ed51ff00000)
Event: 185.485 GC heap after
Heap after GC invocations=146 (full 15):
 PSYoungGen      total 1079296K, used 471474K [0x00007ef67e500000, 0x00007ef6ed680000, 0x00007f0729000000)
  eden space 475136K, 0% used [0x00007ef67e500000,0x00007ef67e500000,0x00007ef69b500000)
  from space 604160K, 78% used [0x00007ef69b500000,0x00007ef6b816cbc0,0x00007ef6c0300000)
  to   space 635392K, 0% used [0x00007ef6c6a00000,0x00007ef6c6a00000,0x00007ef6ed680000)
 ParOldGen       total 22967296K, used 21896569K [0x00007ed529000000, 0x00007edaa2d00000, 0x00007ef67e500000)
  object space 22967296K, 95% used [0x00007ed529000000,0x00007eda6175e530,0x00007edaa2d00000)
 PSPermGen       total 21504K, used 6919K [0x00007ed51ea00000, 0x00007ed51ff00000, 0x00007ed529000000)
  object space 21504K, 32% used [0x00007ed51ea00000,0x00007ed51f0c1e08,0x00007ed51ff00000)
}
Event: 185.531 GC heap before
{Heap before GC invocations=147 (full 15):
 PSYoungGen      total 1079296K, used 946610K [0x00007ef67e500000, 0x00007ef6ed680000, 0x00007f0729000000)
  eden space 475136K, 100% used [0x00007ef67e500000,0x00007ef69b500000,0x00007ef69b500000)
  from space 604160K, 78% used [0x00007ef69b500000,0x00007ef6b816cbc0,0x00007ef6c0300000)
  to   space 635392K, 0% used [0x00007ef6c6a00000,0x00007ef6c6a00000,0x00007ef6ed680000)
 ParOldGen       total 22967296K, used 21896569K [0x00007ed529000000, 0x00007edaa2d00000, 0x00007ef67e500000)
  object space 22967296K, 95% used [0x00007ed529000000,0x00007eda6175e530,0x00007edaa2d00000)
 PSPermGen       total 21504K, used 6919K [0x00007ed51ea00000, 0x00007ed51ff00000, 0x00007ed529000000)
  object space 21504K, 32% used [0x00007ed51ea00000,0x00007ed51f0c1e08,0x00007ed51ff00000)
Event: 185.908 GC heap after
Heap after GC invocations=147 (full 15):
 PSYoungGen      total 1161216K, used 470837K [0x00007ef67e500000, 0x00007ef6f0700000, 0x00007f0729000000)
  eden space 525824K, 0% used [0x00007ef67e500000,0x00007ef67e500000,0x00007ef69e680000)
  from space 635392K, 74% used [0x00007ef6c6a00000,0x00007ef6e35cd780,0x00007ef6ed680000)
  to   space 658944K, 0% used [0x00007ef69e680000,0x00007ef69e680000,0x00007ef6c6a00000)
 ParOldGen       total 22967296K, used 22353830K [0x00007ed529000000, 0x00007edaa2d00000, 0x00007ef67e500000)
  object space 22967296K, 97% used [0x00007ed529000000,0x00007eda7d5e9af8,0x00007edaa2d00000)
 PSPermGen       total 21504K, used 6919K [0x00007ed51ea00000, 0x00007ed51ff00000, 0x00007ed529000000)
  object space 21504K, 32% used [0x00007ed51ea00000,0x00007ed51f0c1e08,0x00007ed51ff00000)
}
Event: 185.908 GC heap before
{Heap before GC invocations=148 (full 16):
 PSYoungGen      total 1161216K, used 470837K [0x00007ef67e500000, 0x00007ef6f0700000, 0x00007f0729000000)
  eden space 525824K, 0% used [0x00007ef67e500000,0x00007ef67e500000,0x00007ef69e680000)
  from space 635392K, 74% used [0x00007ef6c6a00000,0x00007ef6e35cd780,0x00007ef6ed680000)
  to   space 658944K, 0% used [0x00007ef69e680000,0x00007ef69e680000,0x00007ef6c6a00000)
 ParOldGen       total 22967296K, used 22353830K [0x00007ed529000000, 0x00007edaa2d00000, 0x00007ef67e500000)
  object space 22967296K, 97% used [0x00007ed529000000,0x00007eda7d5e9af8,0x00007edaa2d00000)
 PSPermGen       total 21504K, used 6919K [0x00007ed51ea00000, 0x00007ed51ff00000, 0x00007ed529000000)
  object space 21504K, 32% used [0x00007ed51ea00000,0x00007ed51f0c1e08,0x00007ed51ff00000)

